android/build/outputs/logs/manifest-merger-debug-report.txt
-- Merging decision tree log ---
manifest
ADDED from chess_test/android/AndroidManifest.xml:2:1-35:12
	package
		ADDED from chess_test/android/AndroidManifest.xml:3:5-30
		INJECTED from chess_test/android/AndroidManifest.xml
		INJECTED from chess_test/android/AndroidManifest.xml
	android:versionName
		ADDED from chess_test/android/AndroidManifest.xml:5:5-30
		INJECTED from chess_test/android/AndroidManifest.xml
		INJECTED from chess_test/android/AndroidManifest.xml
	android:versionCode
		ADDED from chess_test/android/AndroidManifest.xml:4:5-28
		INJECTED from chess_test/android/AndroidManifest.xml
		INJECTED from chess_test/android/AndroidManifest.xml
	xmlns:android
		ADDED from chess_test/android/AndroidManifest.xml:2:11-69
uses-sdk
ADDED from chess_test/android/AndroidManifest.xml:7:5-9:41
MERGED from [com.android.support.constraint:constraint-layout:1.0.2] AndroidManifest.xml:5:5-7:41
	android:targetSdkVersion
		ADDED from chess_test/android/AndroidManifest.xml:9:9-38
		INJECTED from chess_test/android/AndroidManifest.xml
		INJECTED from chess_test/android/AndroidManifest.xml
	android:minSdkVersion
		ADDED from chess_test/android/AndroidManifest.xml:8:9-34
		INJECTED from chess_test/android/AndroidManifest.xml
		INJECTED from chess_test/android/AndroidManifest.xml
uses-permission#android.permission.INTERNET
ADDED from chess_test/android/AndroidManifest.xml:11:5-67
	android:name
		ADDED from chess_test/android/AndroidManifest.xml:11:22-64
uses-permission#android.permission.ACCESS_WIFI_STATE
ADDED from chess_test/android/AndroidManifest.xml:12:5-76
	android:name
		ADDED from chess_test/android/AndroidManifest.xml:12:22-73
uses-permission#android.permission.WRITE_EXTERNAL_STORAGE
ADDED from chess_test/android/AndroidManifest.xml:13:5-81
	android:name
		ADDED from chess_test/android/AndroidManifest.xml:13:22-78
uses-permission#android.permission.READ_PHONE_STATE
ADDED from chess_test/android/AndroidManifest.xml:14:5-75
	android:name
		ADDED from chess_test/android/AndroidManifest.xml:14:22-72
uses-permission#android.permission.READ_EXTERNAL_STORAGE
ADDED from chess_test/android/AndroidManifest.xml:15:5-80
	android:name
		ADDED from chess_test/android/AndroidManifest.xml:15:22-77
application
ADDED from chess_test/android/AndroidManifest.xml:17:5-33:19
MERGED from [com.android.support.constraint:constraint-layout:1.0.2] AndroidManifest.xml:9:5-20
	android:label
		ADDED from chess_test/android/AndroidManifest.xml:20:9-41
	android:allowBackup
		ADDED from chess_test/android/AndroidManifest.xml:18:9-35
	android:icon
		ADDED from chess_test/android/AndroidManifest.xml:19:9-45
	android:theme
		ADDED from chess_test/android/AndroidManifest.xml:21:9-40
activity#com.djavid.game.AndroidLauncher
ADDED from chess_test/android/AndroidManifest.xml:22:9-32:20
	android:screenOrientation
		ADDED from chess_test/android/AndroidManifest.xml:26:13-50
	android:label
		ADDED from chess_test/android/AndroidManifest.xml:25:13-45
	android:configChanges
		ADDED from chess_test/android/AndroidManifest.xml:24:13-83
	android:name
		ADDED from chess_test/android/AndroidManifest.xml:23:13-44
intent-filter#android.intent.action.MAIN+android.intent.category.LAUNCHER
ADDED from chess_test/android/AndroidManifest.xml:27:13-31:29
action#android.intent.action.MAIN
ADDED from chess_test/android/AndroidManifest.xml:28:17-69
	android:name
		ADDED from chess_test/android/AndroidManifest.xml:28:25-66
category#android.intent.category.LAUNCHER
ADDED from chess_test/android/AndroidManifest.xml:30:17-77
	android:name
		ADDED from chess_test/android/AndroidManifest.xml:30:27-74